2020-04-04 12:18:33.066 INFO [main] [com.cts.tests.TestLoginPage] [initDriver] [com.cts.tests.TestDashboard.initDriver(TestDashboard.java:32)] - browser opens
2020-04-04 12:18:38.256 ERROR [main] [com.cts.tests.TestLoginPage] [login] [com.cts.tests.TestDashboard.login(TestDashboard.java:53)] - login successfully
2020-04-04 12:18:42.522 ERROR [main] [com.cts.tests.TestLoginPage] [login] [com.cts.tests.TestDashboard.login(TestDashboard.java:53)] - login successfully
2020-04-04 12:18:54.964 ERROR [main] [com.cts.tests.TestLoginPage] [close] [com.cts.tests.TestDashboard.close(TestDashboard.java:75)] - driver is closing
2020-04-04 13:13:27.562 ERROR [main] [com.cts.tests.TestLoginPage] [tc0104the_user_launch_the_chrome_application] [com.cts.stepdefinition.SDDashBoardPage.tc0104the_user_launch_the_chrome_application(SDDashBoardPage.java:31)] - browser opens
2020-04-04 13:13:28.271 ERROR [main] [com.cts.tests.TestLoginPage] [tc0104the_user_open_the_orangehrm_home_page] [com.cts.stepdefinition.SDDashBoardPage.tc0104the_user_open_the_orangehrm_home_page(SDDashBoardPage.java:37)] - website opens
2020-04-04 13:13:33.152 INFO [main] [com.cts.tests.TestLoginPage] [tc0104the_user_login_using_and] [com.cts.stepdefinition.SDDashBoardPage.tc0104the_user_login_using_and(SDDashBoardPage.java:48)] - login successfully
2020-04-04 13:13:41.861 WARN [main] [com.cts.tests.TestLoginPage] [tc0104click_on_view_the_user_moves_to_next_page] [com.cts.stepdefinition.SDDashBoardPage.tc0104click_on_view_the_user_moves_to_next_page(SDDashBoardPage.java:76)] - driver is closing
2020-04-04 13:41:15.030 INFO [main] [com.cts.tests.TestLoginPage] [the_user_launch_the_chrome_application] [com.cts.stepdefinition.SDLoginPage.the_user_launch_the_chrome_application(SDLoginPage.java:40)] - browser opens
2020-04-04 13:41:15.900 INFO [main] [com.cts.tests.TestLoginPage] [the_user_open_the_orangehrm_home_page] [com.cts.stepdefinition.SDLoginPage.the_user_open_the_orangehrm_home_page(SDLoginPage.java:49)] - website opens
2020-04-04 13:41:27.638 INFO [main] [com.cts.tests.TestLoginPage] [the_user_login_using_username_and_password] [com.cts.stepdefinition.SDLoginPage.the_user_login_using_username_and_password(SDLoginPage.java:65)] - login successfully
2020-04-04 13:41:36.178 ERROR [main] [com.cts.tests.TestLoginPage] [click_on_the_login_button_user_nagivate_to_the_next_pag] [com.cts.stepdefinition.SDLoginPage.click_on_the_login_button_user_nagivate_to_the_next_pag(SDLoginPage.java:74)] - browser is closed
2020-04-04 13:41:53.145 INFO [main] [com.cts.tests.TestLoginPage] [tc0102the_user_launch_the_chrome_application] [com.cts.stepdefinition.SDAdminjobcatPage.tc0102the_user_launch_the_chrome_application(SDAdminjobcatPage.java:34)] - browser opens
2020-04-04 13:41:54.037 INFO [main] [com.cts.tests.TestLoginPage] [tc0102the_user_open_the_orangehrm_home_page] [com.cts.stepdefinition.SDAdminjobcatPage.tc0102the_user_open_the_orangehrm_home_page(SDAdminjobcatPage.java:40)] - website opens
2020-04-04 13:41:54.703 INFO [main] [com.cts.tests.TestLoginPage] [tc0102the_user_login_using_and] [com.cts.stepdefinition.SDAdminjobcatPage.tc0102the_user_login_using_and(SDAdminjobcatPage.java:50)] - login successfully
2020-04-04 13:42:07.609 WARN [main] [com.cts.tests.TestLoginPage] [tc0102click_on_professionals_check_box] [com.cts.stepdefinition.SDAdminjobcatPage.tc0102click_on_professionals_check_box(SDAdminjobcatPage.java:75)] - browser is closed
2020-04-04 13:42:27.242 INFO [main] [com.cts.tests.TestLoginPage] [tc0103the_user_launch_the_chrome_application] [com.cts.stepdefinition.SDLeavesPage.tc0103the_user_launch_the_chrome_application(SDLeavesPage.java:33)] - browser opens
2020-04-04 13:42:28.197 INFO [main] [com.cts.tests.TestLoginPage] [tc0103the_user_open_the_orangehrm_home_page] [com.cts.stepdefinition.SDLeavesPage.tc0103the_user_open_the_orangehrm_home_page(SDLeavesPage.java:39)] - website opens
2020-04-04 13:42:28.816 INFO [main] [com.cts.tests.TestLoginPage] [tc0103the_user_login_using_and] [com.cts.stepdefinition.SDLeavesPage.tc0103the_user_login_using_and(SDLeavesPage.java:49)] - login successfully
2020-04-04 13:42:34.869 INFO [main] [com.cts.tests.TestLoginPage] [tc0103using_actions_move_to_leave_types_from_leaves_then_move_to_next_page] [com.cts.stepdefinition.SDLeavesPage.tc0103using_actions_move_to_leave_types_from_leaves_then_move_to_next_page(SDLeavesPage.java:61)] - leavepage opens sucessfully
2020-04-04 13:42:38.699 INFO [main] [com.cts.tests.TestLoginPage] [tc0103click_on_save_the_user_moves_to_next_page] [com.cts.stepdefinition.SDLeavesPage.tc0103click_on_save_the_user_moves_to_next_page(SDLeavesPage.java:77)] - saved sucessfully
2020-04-04 13:42:39.231 WARN [main] [com.cts.tests.TestLoginPage] [tc0103click_on_save_the_user_moves_to_next_page] [com.cts.stepdefinition.SDLeavesPage.tc0103click_on_save_the_user_moves_to_next_page(SDLeavesPage.java:80)] - browser closed
2020-04-04 13:42:57.144 ERROR [main] [com.cts.tests.TestLoginPage] [tc0104the_user_launch_the_chrome_application] [com.cts.stepdefinition.SDDashBoardPage.tc0104the_user_launch_the_chrome_application(SDDashBoardPage.java:31)] - browser opens
2020-04-04 13:42:58.810 ERROR [main] [com.cts.tests.TestLoginPage] [tc0104the_user_open_the_orangehrm_home_page] [com.cts.stepdefinition.SDDashBoardPage.tc0104the_user_open_the_orangehrm_home_page(SDDashBoardPage.java:37)] - website opens
2020-04-04 13:42:59.382 INFO [main] [com.cts.tests.TestLoginPage] [tc0104the_user_login_using_and] [com.cts.stepdefinition.SDDashBoardPage.tc0104the_user_login_using_and(SDDashBoardPage.java:48)] - login successfully
2020-04-04 13:43:07.803 WARN [main] [com.cts.tests.TestLoginPage] [tc0104click_on_view_the_user_moves_to_next_page] [com.cts.stepdefinition.SDDashBoardPage.tc0104click_on_view_the_user_moves_to_next_page(SDDashBoardPage.java:76)] - driver is closing
2020-04-04 13:43:24.345 INFO [main] [com.cts.tests.TestLoginPage] [tc0105the_user_launch_the_chrome_application] [com.cts.stepdefinition.SDMaintenancePage.tc0105the_user_launch_the_chrome_application(SDMaintenancePage.java:32)] - browser opens
2020-04-04 13:43:25.398 INFO [main] [com.cts.tests.TestLoginPage] [tc0105the_user_open_the_orangehrm_home_page] [com.cts.stepdefinition.SDMaintenancePage.tc0105the_user_open_the_orangehrm_home_page(SDMaintenancePage.java:38)] - website opens
2020-04-04 13:43:26.149 INFO [main] [com.cts.tests.TestLoginPage] [tc0105the_user_login_using_and] [com.cts.stepdefinition.SDMaintenancePage.tc0105the_user_login_using_and(SDMaintenancePage.java:48)] - login successfully
2020-04-04 13:43:32.996 INFO [main] [com.cts.tests.TestLoginPage] [tc0105using_actions_move_to_candidate_records_from_maintenance_then_move_to_next_page] [com.cts.stepdefinition.SDMaintenancePage.tc0105using_actions_move_to_candidate_records_from_maintenance_then_move_to_next_page(SDMaintenancePage.java:59)] - maintenance page is opened successfully
2020-04-04 13:43:35.877 WARN [main] [com.cts.tests.TestLoginPage] [tc0105click_on_search_button] [com.cts.stepdefinition.SDMaintenancePage.tc0105click_on_search_button(SDMaintenancePage.java:82)] - browser closed
2020-04-04 13:43:53.850 INFO [main] [com.cts.tests.TestLoginPage] [tc0106the_user_launch_the_chrome_application] [com.cts.stepdefinition.SDLogoutPage.tc0106the_user_launch_the_chrome_application(SDLogoutPage.java:34)] - browser opens
2020-04-04 13:43:54.766 INFO [main] [com.cts.tests.TestLoginPage] [tc0106the_user_open_the_orangehrm_home_page] [com.cts.stepdefinition.SDLogoutPage.tc0106the_user_open_the_orangehrm_home_page(SDLogoutPage.java:40)] - website opens
2020-04-04 13:43:55.558 INFO [main] [com.cts.tests.TestLoginPage] [tc0106the_user_login_using_and] [com.cts.stepdefinition.SDLogoutPage.tc0106the_user_login_using_and(SDLogoutPage.java:51)] - login successfully
2020-04-04 13:44:07.918 WARN [main] [com.cts.tests.TestLoginPage] [tc0106click_on_logout_the_user_moves_to_home_page] [com.cts.stepdefinition.SDLogoutPage.tc0106click_on_logout_the_user_moves_to_home_page(SDLogoutPage.java:82)] - browser is logged out
2020-04-04 13:44:08.534 WARN [main] [com.cts.tests.TestLoginPage] [tc0106click_on_logout_the_user_moves_to_home_page] [com.cts.stepdefinition.SDLogoutPage.tc0106click_on_logout_the_user_moves_to_home_page(SDLogoutPage.java:85)] - browser closed
2020-04-04 13:55:50.310 INFO [main] [com.cts.tests.TestLoginPage] [the_user_launch_the_chrome_application] [com.cts.stepdefinition.SDLoginPage.the_user_launch_the_chrome_application(SDLoginPage.java:40)] - browser opens
2020-04-04 13:55:51.827 INFO [main] [com.cts.tests.TestLoginPage] [the_user_open_the_orangehrm_home_page] [com.cts.stepdefinition.SDLoginPage.the_user_open_the_orangehrm_home_page(SDLoginPage.java:49)] - website opens
2020-04-04 13:55:58.906 INFO [main] [com.cts.tests.TestLoginPage] [the_user_login_using_username_and_password] [com.cts.stepdefinition.SDLoginPage.the_user_login_using_username_and_password(SDLoginPage.java:65)] - login successfully
2020-04-04 13:56:06.843 ERROR [main] [com.cts.tests.TestLoginPage] [click_on_the_login_button_user_nagivate_to_the_next_pag] [com.cts.stepdefinition.SDLoginPage.click_on_the_login_button_user_nagivate_to_the_next_pag(SDLoginPage.java:74)] - browser is closed
2020-04-04 13:56:24.356 INFO [main] [com.cts.tests.TestLoginPage] [tc0102the_user_launch_the_chrome_application] [com.cts.stepdefinition.SDAdminjobcatPage.tc0102the_user_launch_the_chrome_application(SDAdminjobcatPage.java:34)] - browser opens
2020-04-04 13:56:25.878 INFO [main] [com.cts.tests.TestLoginPage] [tc0102the_user_open_the_orangehrm_home_page] [com.cts.stepdefinition.SDAdminjobcatPage.tc0102the_user_open_the_orangehrm_home_page(SDAdminjobcatPage.java:40)] - website opens
2020-04-04 13:56:26.700 INFO [main] [com.cts.tests.TestLoginPage] [tc0102the_user_login_using_and] [com.cts.stepdefinition.SDAdminjobcatPage.tc0102the_user_login_using_and(SDAdminjobcatPage.java:50)] - login successfully
2020-04-04 13:56:44.459 WARN [main] [com.cts.tests.TestLoginPage] [tc0102click_on_professionals_check_box] [com.cts.stepdefinition.SDAdminjobcatPage.tc0102click_on_professionals_check_box(SDAdminjobcatPage.java:75)] - browser is closed
2020-04-04 13:57:02.240 INFO [main] [com.cts.tests.TestLoginPage] [tc0103the_user_launch_the_chrome_application] [com.cts.stepdefinition.SDLeavesPage.tc0103the_user_launch_the_chrome_application(SDLeavesPage.java:33)] - browser opens
2020-04-04 13:57:03.435 INFO [main] [com.cts.tests.TestLoginPage] [tc0103the_user_open_the_orangehrm_home_page] [com.cts.stepdefinition.SDLeavesPage.tc0103the_user_open_the_orangehrm_home_page(SDLeavesPage.java:39)] - website opens
2020-04-04 13:57:04.048 INFO [main] [com.cts.tests.TestLoginPage] [tc0103the_user_login_using_and] [com.cts.stepdefinition.SDLeavesPage.tc0103the_user_login_using_and(SDLeavesPage.java:49)] - login successfully
2020-04-04 13:57:12.496 INFO [main] [com.cts.tests.TestLoginPage] [tc0103using_actions_move_to_leave_types_from_leaves_then_move_to_next_page] [com.cts.stepdefinition.SDLeavesPage.tc0103using_actions_move_to_leave_types_from_leaves_then_move_to_next_page(SDLeavesPage.java:61)] - leavepage opens sucessfully
2020-04-04 13:57:14.714 INFO [main] [com.cts.tests.TestLoginPage] [tc0103click_on_save_the_user_moves_to_next_page] [com.cts.stepdefinition.SDLeavesPage.tc0103click_on_save_the_user_moves_to_next_page(SDLeavesPage.java:77)] - saved sucessfully
2020-04-04 13:57:15.170 WARN [main] [com.cts.tests.TestLoginPage] [tc0103click_on_save_the_user_moves_to_next_page] [com.cts.stepdefinition.SDLeavesPage.tc0103click_on_save_the_user_moves_to_next_page(SDLeavesPage.java:80)] - browser closed
2020-04-04 13:57:34.323 ERROR [main] [com.cts.tests.TestLoginPage] [tc0104the_user_launch_the_chrome_application] [com.cts.stepdefinition.SDDashBoardPage.tc0104the_user_launch_the_chrome_application(SDDashBoardPage.java:31)] - browser opens
2020-04-04 13:57:36.097 ERROR [main] [com.cts.tests.TestLoginPage] [tc0104the_user_open_the_orangehrm_home_page] [com.cts.stepdefinition.SDDashBoardPage.tc0104the_user_open_the_orangehrm_home_page(SDDashBoardPage.java:37)] - website opens
2020-04-04 13:57:36.718 INFO [main] [com.cts.tests.TestLoginPage] [tc0104the_user_login_using_and] [com.cts.stepdefinition.SDDashBoardPage.tc0104the_user_login_using_and(SDDashBoardPage.java:48)] - login successfully
2020-04-04 13:57:47.714 WARN [main] [com.cts.tests.TestLoginPage] [tc0104click_on_view_the_user_moves_to_next_page] [com.cts.stepdefinition.SDDashBoardPage.tc0104click_on_view_the_user_moves_to_next_page(SDDashBoardPage.java:76)] - driver is closing
2020-04-04 13:58:09.404 INFO [main] [com.cts.tests.TestLoginPage] [tc0105the_user_launch_the_chrome_application] [com.cts.stepdefinition.SDMaintenancePage.tc0105the_user_launch_the_chrome_application(SDMaintenancePage.java:32)] - browser opens
2020-04-04 13:58:10.752 INFO [main] [com.cts.tests.TestLoginPage] [tc0105the_user_open_the_orangehrm_home_page] [com.cts.stepdefinition.SDMaintenancePage.tc0105the_user_open_the_orangehrm_home_page(SDMaintenancePage.java:38)] - website opens
2020-04-04 13:58:12.946 INFO [main] [com.cts.tests.TestLoginPage] [tc0105the_user_login_using_and] [com.cts.stepdefinition.SDMaintenancePage.tc0105the_user_login_using_and(SDMaintenancePage.java:48)] - login successfully
2020-04-04 13:58:24.304 INFO [main] [com.cts.tests.TestLoginPage] [tc0105using_actions_move_to_candidate_records_from_maintenance_then_move_to_next_page] [com.cts.stepdefinition.SDMaintenancePage.tc0105using_actions_move_to_candidate_records_from_maintenance_then_move_to_next_page(SDMaintenancePage.java:59)] - maintenance page is opened successfully
2020-04-04 13:58:27.163 WARN [main] [com.cts.tests.TestLoginPage] [tc0105click_on_search_button] [com.cts.stepdefinition.SDMaintenancePage.tc0105click_on_search_button(SDMaintenancePage.java:82)] - browser closed
2020-04-04 13:58:47.423 INFO [main] [com.cts.tests.TestLoginPage] [tc0106the_user_launch_the_chrome_application] [com.cts.stepdefinition.SDLogoutPage.tc0106the_user_launch_the_chrome_application(SDLogoutPage.java:34)] - browser opens
2020-04-04 13:58:48.347 INFO [main] [com.cts.tests.TestLoginPage] [tc0106the_user_open_the_orangehrm_home_page] [com.cts.stepdefinition.SDLogoutPage.tc0106the_user_open_the_orangehrm_home_page(SDLogoutPage.java:40)] - website opens
2020-04-04 13:58:48.949 INFO [main] [com.cts.tests.TestLoginPage] [tc0106the_user_login_using_and] [com.cts.stepdefinition.SDLogoutPage.tc0106the_user_login_using_and(SDLogoutPage.java:51)] - login successfully
2020-04-04 13:59:01.543 WARN [main] [com.cts.tests.TestLoginPage] [tc0106click_on_logout_the_user_moves_to_home_page] [com.cts.stepdefinition.SDLogoutPage.tc0106click_on_logout_the_user_moves_to_home_page(SDLogoutPage.java:82)] - browser is logged out
2020-04-04 13:59:02.131 WARN [main] [com.cts.tests.TestLoginPage] [tc0106click_on_logout_the_user_moves_to_home_page] [com.cts.stepdefinition.SDLogoutPage.tc0106click_on_logout_the_user_moves_to_home_page(SDLogoutPage.java:85)] - browser closed
2020-04-04 14:10:43.406 INFO [main] [com.cts.tests.TestLoginPage] [initDriver] [com.cts.tests.TestDashboard.initDriver(TestDashboard.java:32)] - browser opens
2020-04-04 14:10:49.815 ERROR [main] [com.cts.tests.TestLoginPage] [login] [com.cts.tests.TestDashboard.login(TestDashboard.java:53)] - login successfully
2020-04-04 14:10:56.481 ERROR [main] [com.cts.tests.TestLoginPage] [login] [com.cts.tests.TestDashboard.login(TestDashboard.java:53)] - login successfully
2020-04-04 14:11:07.153 ERROR [main] [com.cts.tests.TestLoginPage] [close] [com.cts.tests.TestDashboard.close(TestDashboard.java:75)] - driver is closing
2020-04-04 16:03:21.887 INFO [main] [com.cts.tests.TestLoginPage] [the_user_launch_the_chrome_application] [com.cts.stepdefinition.SDLoginPage.the_user_launch_the_chrome_application(SDLoginPage.java:40)] - browser opens
2020-04-04 16:03:22.785 INFO [main] [com.cts.tests.TestLoginPage] [the_user_open_the_orangehrm_home_page] [com.cts.stepdefinition.SDLoginPage.the_user_open_the_orangehrm_home_page(SDLoginPage.java:49)] - website opens
2020-04-04 16:03:30.570 INFO [main] [com.cts.tests.TestLoginPage] [the_user_login_using_username_and_password] [com.cts.stepdefinition.SDLoginPage.the_user_login_using_username_and_password(SDLoginPage.java:65)] - login successfully
2020-04-04 16:03:41.366 ERROR [main] [com.cts.tests.TestLoginPage] [click_on_the_login_button_user_nagivate_to_the_next_pag] [com.cts.stepdefinition.SDLoginPage.click_on_the_login_button_user_nagivate_to_the_next_pag(SDLoginPage.java:74)] - browser is closed
2020-04-04 16:14:06.824 INFO [main] [com.cts.tests.TestLoginPage] [the_user_launch_the_chrome_application] [com.cts.stepdefinition.SDLoginPage.the_user_launch_the_chrome_application(SDLoginPage.java:40)] - browser opens
2020-04-04 16:14:07.996 INFO [main] [com.cts.tests.TestLoginPage] [the_user_open_the_orangehrm_home_page] [com.cts.stepdefinition.SDLoginPage.the_user_open_the_orangehrm_home_page(SDLoginPage.java:49)] - website opens
2020-04-04 16:14:19.931 INFO [main] [com.cts.tests.TestLoginPage] [the_user_login_using_username_and_password] [com.cts.stepdefinition.SDLoginPage.the_user_login_using_username_and_password(SDLoginPage.java:65)] - login successfully
2020-04-04 16:14:26.100 ERROR [main] [com.cts.tests.TestLoginPage] [click_on_the_login_button_user_nagivate_to_the_next_pag] [com.cts.stepdefinition.SDLoginPage.click_on_the_login_button_user_nagivate_to_the_next_pag(SDLoginPage.java:74)] - browser is closed
2020-04-04 16:19:15.252 INFO [main] [com.cts.tests.TestLoginPage] [the_user_launch_the_chrome_application] [com.cts.stepdefinition.SDLoginPage.the_user_launch_the_chrome_application(SDLoginPage.java:40)] - browser opens
2020-04-04 16:19:16.175 INFO [main] [com.cts.tests.TestLoginPage] [the_user_open_the_orangehrm_home_page] [com.cts.stepdefinition.SDLoginPage.the_user_open_the_orangehrm_home_page(SDLoginPage.java:49)] - website opens
2020-04-04 16:19:20.927 INFO [main] [com.cts.tests.TestLoginPage] [the_user_login_using_username_and_password] [com.cts.stepdefinition.SDLoginPage.the_user_login_using_username_and_password(SDLoginPage.java:65)] - login successfully
2020-04-04 16:19:27.310 ERROR [main] [com.cts.tests.TestLoginPage] [click_on_the_login_button_user_nagivate_to_the_next_pag] [com.cts.stepdefinition.SDLoginPage.click_on_the_login_button_user_nagivate_to_the_next_pag(SDLoginPage.java:74)] - browser is closed
2020-04-04 16:19:43.275 INFO [main] [com.cts.tests.TestLoginPage] [tc0102the_user_launch_the_chrome_application] [com.cts.stepdefinition.SDAdminjobcatPage.tc0102the_user_launch_the_chrome_application(SDAdminjobcatPage.java:34)] - browser opens
2020-04-04 16:19:44.404 INFO [main] [com.cts.tests.TestLoginPage] [tc0102the_user_open_the_orangehrm_home_page] [com.cts.stepdefinition.SDAdminjobcatPage.tc0102the_user_open_the_orangehrm_home_page(SDAdminjobcatPage.java:40)] - website opens
2020-04-04 16:19:45.032 INFO [main] [com.cts.tests.TestLoginPage] [tc0102the_user_login_using_and] [com.cts.stepdefinition.SDAdminjobcatPage.tc0102the_user_login_using_and(SDAdminjobcatPage.java:50)] - login successfully
2020-04-04 16:19:58.880 WARN [main] [com.cts.tests.TestLoginPage] [tc0102click_on_professionals_check_box] [com.cts.stepdefinition.SDAdminjobcatPage.tc0102click_on_professionals_check_box(SDAdminjobcatPage.java:75)] - browser is closed
2020-04-04 16:20:17.446 INFO [main] [com.cts.tests.TestLoginPage] [tc0103the_user_launch_the_chrome_application] [com.cts.stepdefinition.SDLeavesPage.tc0103the_user_launch_the_chrome_application(SDLeavesPage.java:33)] - browser opens
2020-04-04 16:20:18.064 INFO [main] [com.cts.tests.TestLoginPage] [tc0103the_user_open_the_orangehrm_home_page] [com.cts.stepdefinition.SDLeavesPage.tc0103the_user_open_the_orangehrm_home_page(SDLeavesPage.java:39)] - website opens
2020-04-04 16:20:18.640 INFO [main] [com.cts.tests.TestLoginPage] [tc0103the_user_login_using_and] [com.cts.stepdefinition.SDLeavesPage.tc0103the_user_login_using_and(SDLeavesPage.java:49)] - login successfully
2020-04-04 16:20:25.839 INFO [main] [com.cts.tests.TestLoginPage] [tc0103using_actions_move_to_leave_types_from_leaves_then_move_to_next_page] [com.cts.stepdefinition.SDLeavesPage.tc0103using_actions_move_to_leave_types_from_leaves_then_move_to_next_page(SDLeavesPage.java:61)] - leavepage opens sucessfully
2020-04-04 16:20:29.258 INFO [main] [com.cts.tests.TestLoginPage] [tc0103click_on_save_the_user_moves_to_next_page] [com.cts.stepdefinition.SDLeavesPage.tc0103click_on_save_the_user_moves_to_next_page(SDLeavesPage.java:77)] - saved sucessfully
2020-04-04 16:20:29.748 WARN [main] [com.cts.tests.TestLoginPage] [tc0103click_on_save_the_user_moves_to_next_page] [com.cts.stepdefinition.SDLeavesPage.tc0103click_on_save_the_user_moves_to_next_page(SDLeavesPage.java:80)] - browser closed
2020-04-04 16:20:47.998 ERROR [main] [com.cts.tests.TestLoginPage] [tc0104the_user_launch_the_chrome_application] [com.cts.stepdefinition.SDDashBoardPage.tc0104the_user_launch_the_chrome_application(SDDashBoardPage.java:31)] - browser opens
2020-04-04 16:20:48.680 ERROR [main] [com.cts.tests.TestLoginPage] [tc0104the_user_open_the_orangehrm_home_page] [com.cts.stepdefinition.SDDashBoardPage.tc0104the_user_open_the_orangehrm_home_page(SDDashBoardPage.java:37)] - website opens
2020-04-04 16:20:49.231 INFO [main] [com.cts.tests.TestLoginPage] [tc0104the_user_login_using_and] [com.cts.stepdefinition.SDDashBoardPage.tc0104the_user_login_using_and(SDDashBoardPage.java:48)] - login successfully
2020-04-04 16:20:58.845 WARN [main] [com.cts.tests.TestLoginPage] [tc0104click_on_view_the_user_moves_to_next_page] [com.cts.stepdefinition.SDDashBoardPage.tc0104click_on_view_the_user_moves_to_next_page(SDDashBoardPage.java:76)] - driver is closing
2020-04-04 16:21:16.130 INFO [main] [com.cts.tests.TestLoginPage] [tc0105the_user_launch_the_chrome_application] [com.cts.stepdefinition.SDMaintenancePage.tc0105the_user_launch_the_chrome_application(SDMaintenancePage.java:32)] - browser opens
2020-04-04 16:21:16.820 INFO [main] [com.cts.tests.TestLoginPage] [tc0105the_user_open_the_orangehrm_home_page] [com.cts.stepdefinition.SDMaintenancePage.tc0105the_user_open_the_orangehrm_home_page(SDMaintenancePage.java:38)] - website opens
2020-04-04 16:21:17.539 INFO [main] [com.cts.tests.TestLoginPage] [tc0105the_user_login_using_and] [com.cts.stepdefinition.SDMaintenancePage.tc0105the_user_login_using_and(SDMaintenancePage.java:48)] - login successfully
2020-04-04 16:21:25.411 INFO [main] [com.cts.tests.TestLoginPage] [tc0105using_actions_move_to_candidate_records_from_maintenance_then_move_to_next_page] [com.cts.stepdefinition.SDMaintenancePage.tc0105using_actions_move_to_candidate_records_from_maintenance_then_move_to_next_page(SDMaintenancePage.java:59)] - maintenance page is opened successfully
2020-04-04 16:21:28.786 WARN [main] [com.cts.tests.TestLoginPage] [tc0105click_on_search_button] [com.cts.stepdefinition.SDMaintenancePage.tc0105click_on_search_button(SDMaintenancePage.java:82)] - browser closed
2020-04-04 16:21:44.198 INFO [main] [com.cts.tests.TestLoginPage] [tc0106the_user_launch_the_chrome_application] [com.cts.stepdefinition.SDLogoutPage.tc0106the_user_launch_the_chrome_application(SDLogoutPage.java:34)] - browser opens
2020-04-04 16:21:44.806 INFO [main] [com.cts.tests.TestLoginPage] [tc0106the_user_open_the_orangehrm_home_page] [com.cts.stepdefinition.SDLogoutPage.tc0106the_user_open_the_orangehrm_home_page(SDLogoutPage.java:40)] - website opens
2020-04-04 16:21:45.351 INFO [main] [com.cts.tests.TestLoginPage] [tc0106the_user_login_using_and] [com.cts.stepdefinition.SDLogoutPage.tc0106the_user_login_using_and(SDLogoutPage.java:51)] - login successfully
2020-04-04 16:21:59.669 WARN [main] [com.cts.tests.TestLoginPage] [tc0106click_on_logout_the_user_moves_to_home_page] [com.cts.stepdefinition.SDLogoutPage.tc0106click_on_logout_the_user_moves_to_home_page(SDLogoutPage.java:82)] - browser is logged out
2020-04-04 16:22:00.215 WARN [main] [com.cts.tests.TestLoginPage] [tc0106click_on_logout_the_user_moves_to_home_page] [com.cts.stepdefinition.SDLogoutPage.tc0106click_on_logout_the_user_moves_to_home_page(SDLogoutPage.java:85)] - browser closed
2020-04-04 19:37:41.025 INFO [main] [com.cts.tests.TestLoginPage] [the_user_launch_the_chrome_application] [com.cts.stepdefinition.SDLoginPage.the_user_launch_the_chrome_application(SDLoginPage.java:40)] - browser opens
2020-04-04 19:37:44.166 INFO [main] [com.cts.tests.TestLoginPage] [the_user_open_the_orangehrm_home_page] [com.cts.stepdefinition.SDLoginPage.the_user_open_the_orangehrm_home_page(SDLoginPage.java:49)] - website opens
2020-04-04 19:37:54.595 INFO [main] [com.cts.tests.TestLoginPage] [the_user_login_using_username_and_password] [com.cts.stepdefinition.SDLoginPage.the_user_login_using_username_and_password(SDLoginPage.java:65)] - login successfully
2020-04-04 19:38:01.911 ERROR [main] [com.cts.tests.TestLoginPage] [click_on_the_login_button_user_nagivate_to_the_next_pag] [com.cts.stepdefinition.SDLoginPage.click_on_the_login_button_user_nagivate_to_the_next_pag(SDLoginPage.java:74)] - browser is closed
2020-04-04 20:09:07.944 INFO [main] [com.cts.tests.TestLoginPage] [the_user_launch_the_chrome_application] [com.cts.stepdefinition.SDLoginPage.the_user_launch_the_chrome_application(SDLoginPage.java:40)] - browser opens
2020-04-04 20:09:09.322 INFO [main] [com.cts.tests.TestLoginPage] [the_user_open_the_orangehrm_home_page] [com.cts.stepdefinition.SDLoginPage.the_user_open_the_orangehrm_home_page(SDLoginPage.java:49)] - website opens
2020-04-04 20:09:20.109 INFO [main] [com.cts.tests.TestLoginPage] [the_user_login_using_username_and_password] [com.cts.stepdefinition.SDLoginPage.the_user_login_using_username_and_password(SDLoginPage.java:65)] - login successfully
2020-04-04 20:09:28.076 ERROR [main] [com.cts.tests.TestLoginPage] [click_on_the_login_button_user_nagivate_to_the_next_pag] [com.cts.stepdefinition.SDLoginPage.click_on_the_login_button_user_nagivate_to_the_next_pag(SDLoginPage.java:74)] - browser is closed
